2024-10-25 13:52:05,157:WARNING:
'cuml' is a soft dependency and not included in the pycaret installation. Please run: `pip install cuml` to install.
2024-10-25 13:52:05,157:WARNING:
'cuml' is a soft dependency and not included in the pycaret installation. Please run: `pip install cuml` to install.
2024-10-25 13:52:05,157:WARNING:
'cuml' is a soft dependency and not included in the pycaret installation. Please run: `pip install cuml` to install.
2024-10-25 13:52:05,157:WARNING:
'cuml' is a soft dependency and not included in the pycaret installation. Please run: `pip install cuml` to install.
2024-10-25 13:55:31,084:WARNING:
'cuml' is a soft dependency and not included in the pycaret installation. Please run: `pip install cuml` to install.
2024-10-25 13:55:31,085:WARNING:
'cuml' is a soft dependency and not included in the pycaret installation. Please run: `pip install cuml` to install.
2024-10-25 13:55:31,085:WARNING:
'cuml' is a soft dependency and not included in the pycaret installation. Please run: `pip install cuml` to install.
2024-10-25 13:55:31,086:WARNING:
'cuml' is a soft dependency and not included in the pycaret installation. Please run: `pip install cuml` to install.
2024-10-25 14:04:55,816:INFO:PyCaret ClassificationExperiment
2024-10-25 14:04:55,817:INFO:Logging name: clf-default-name
2024-10-25 14:04:55,817:INFO:ML Usecase: MLUsecase.CLASSIFICATION
2024-10-25 14:04:55,817:INFO:version 3.3.2
2024-10-25 14:04:55,818:INFO:Initializing setup()
2024-10-25 14:04:55,818:INFO:self.USI: 2b20
2024-10-25 14:04:55,818:INFO:self._variable_keys: {'X_train', 'pipeline', 'USI', 'html_param', 'fold_generator', 'idx', 'target_param', 'seed', '_ml_usecase', 'fix_imbalance', 'gpu_param', '_available_plots', 'data', 'X_test', 'gpu_n_jobs_param', 'y', 'log_plots_param', 'logging_param', 'fold_shuffle_param', 'exp_id', 'X', 'fold_groups_param', 'y_train', 'memory', 'n_jobs_param', 'y_test', 'exp_name_log', 'is_multiclass'}
2024-10-25 14:04:55,818:INFO:Checking environment
2024-10-25 14:04:55,818:INFO:python_version: 3.11.10
2024-10-25 14:04:55,818:INFO:python_build: ('main', 'Oct  3 2024 07:22:26')
2024-10-25 14:04:55,819:INFO:machine: AMD64
2024-10-25 14:04:55,819:INFO:platform: Windows-10-10.0.22000-SP0
2024-10-25 14:04:55,819:INFO:Memory: svmem(total=16886083584, available=2942943232, percent=82.6, used=13943140352, free=2942943232)
2024-10-25 14:04:55,819:INFO:Physical Core: 8
2024-10-25 14:04:55,820:INFO:Logical Core: 16
2024-10-25 14:04:55,820:INFO:Checking libraries
2024-10-25 14:04:55,820:INFO:System:
2024-10-25 14:04:55,820:INFO:    python: 3.11.10 | packaged by Anaconda, Inc. | (main, Oct  3 2024, 07:22:26) [MSC v.1929 64 bit (AMD64)]
2024-10-25 14:04:55,820:INFO:executable: C:\Users\htwahirwa\AppData\Local\anaconda3\envs\chat_env\python.exe
2024-10-25 14:04:55,820:INFO:   machine: Windows-10-10.0.22000-SP0
2024-10-25 14:04:55,820:INFO:PyCaret required dependencies:
2024-10-25 14:04:55,855:INFO:                 pip: 24.2
2024-10-25 14:04:55,855:INFO:          setuptools: 75.2.0
2024-10-25 14:04:55,855:INFO:             pycaret: 3.3.2
2024-10-25 14:04:55,855:INFO:             IPython: 8.27.0
2024-10-25 14:04:55,856:INFO:          ipywidgets: 7.8.1
2024-10-25 14:04:55,856:INFO:                tqdm: 4.66.5
2024-10-25 14:04:55,856:INFO:               numpy: 1.26.4
2024-10-25 14:04:55,856:INFO:              pandas: 2.1.4
2024-10-25 14:04:55,856:INFO:              jinja2: 3.1.4
2024-10-25 14:04:55,856:INFO:               scipy: 1.11.4
2024-10-25 14:04:55,856:INFO:              joblib: 1.3.2
2024-10-25 14:04:55,857:INFO:             sklearn: 1.4.2
2024-10-25 14:04:55,857:INFO:                pyod: 2.0.2
2024-10-25 14:04:55,857:INFO:            imblearn: 0.12.4
2024-10-25 14:04:55,857:INFO:   category_encoders: 2.6.4
2024-10-25 14:04:55,857:INFO:            lightgbm: 4.5.0
2024-10-25 14:04:55,857:INFO:               numba: 0.60.0
2024-10-25 14:04:55,857:INFO:            requests: 2.32.3
2024-10-25 14:04:55,857:INFO:          matplotlib: 3.7.5
2024-10-25 14:04:55,858:INFO:          scikitplot: 0.3.7
2024-10-25 14:04:55,858:INFO:         yellowbrick: 1.5
2024-10-25 14:04:55,858:INFO:              plotly: 5.24.1
2024-10-25 14:04:55,858:INFO:    plotly-resampler: Not installed
2024-10-25 14:04:55,858:INFO:             kaleido: 0.2.1
2024-10-25 14:04:55,858:INFO:           schemdraw: 0.15
2024-10-25 14:04:55,858:INFO:         statsmodels: 0.14.4
2024-10-25 14:04:55,859:INFO:              sktime: 0.26.0
2024-10-25 14:04:55,859:INFO:               tbats: 1.1.3
2024-10-25 14:04:55,859:INFO:            pmdarima: 2.0.4
2024-10-25 14:04:55,859:INFO:              psutil: 5.9.0
2024-10-25 14:04:55,859:INFO:          markupsafe: 3.0.2
2024-10-25 14:04:55,859:INFO:             pickle5: Not installed
2024-10-25 14:04:55,859:INFO:         cloudpickle: 3.1.0
2024-10-25 14:04:55,859:INFO:         deprecation: 2.1.0
2024-10-25 14:04:55,859:INFO:              xxhash: 3.5.0
2024-10-25 14:04:55,860:INFO:           wurlitzer: Not installed
2024-10-25 14:04:55,860:INFO:PyCaret optional dependencies:
2024-10-25 14:04:56,235:INFO:                shap: Not installed
2024-10-25 14:04:56,235:INFO:           interpret: Not installed
2024-10-25 14:04:56,235:INFO:                umap: Not installed
2024-10-25 14:04:56,235:INFO:     ydata_profiling: Not installed
2024-10-25 14:04:56,235:INFO:  explainerdashboard: Not installed
2024-10-25 14:04:56,235:INFO:             autoviz: Not installed
2024-10-25 14:04:56,235:INFO:           fairlearn: Not installed
2024-10-25 14:04:56,235:INFO:          deepchecks: Not installed
2024-10-25 14:04:56,236:INFO:             xgboost: Not installed
2024-10-25 14:04:56,236:INFO:            catboost: Not installed
2024-10-25 14:04:56,236:INFO:              kmodes: Not installed
2024-10-25 14:04:56,236:INFO:             mlxtend: Not installed
2024-10-25 14:04:56,236:INFO:       statsforecast: Not installed
2024-10-25 14:04:56,236:INFO:        tune_sklearn: Not installed
2024-10-25 14:04:56,236:INFO:                 ray: Not installed
2024-10-25 14:04:56,236:INFO:            hyperopt: Not installed
2024-10-25 14:04:56,236:INFO:              optuna: Not installed
2024-10-25 14:04:56,236:INFO:               skopt: Not installed
2024-10-25 14:04:56,236:INFO:              mlflow: Not installed
2024-10-25 14:04:56,236:INFO:              gradio: Not installed
2024-10-25 14:04:56,237:INFO:             fastapi: 0.115.3
2024-10-25 14:04:56,237:INFO:             uvicorn: 0.32.0
2024-10-25 14:04:56,237:INFO:              m2cgen: Not installed
2024-10-25 14:04:56,237:INFO:           evidently: Not installed
2024-10-25 14:04:56,237:INFO:               fugue: Not installed
2024-10-25 14:04:56,237:INFO:           streamlit: 1.39.0
2024-10-25 14:04:56,237:INFO:             prophet: 1.1.6
2024-10-25 14:04:56,237:INFO:None
2024-10-25 14:04:56,237:INFO:Set up data.
2024-10-25 14:10:22,894:INFO:PyCaret ClassificationExperiment
2024-10-25 14:10:22,896:INFO:Logging name: clf-default-name
2024-10-25 14:10:22,897:INFO:ML Usecase: MLUsecase.CLASSIFICATION
2024-10-25 14:10:22,897:INFO:version 3.3.2
2024-10-25 14:10:22,897:INFO:Initializing setup()
2024-10-25 14:10:22,898:INFO:self.USI: e4f3
2024-10-25 14:10:22,898:INFO:self._variable_keys: {'X_train', 'pipeline', 'USI', 'html_param', 'fold_generator', 'idx', 'target_param', 'seed', '_ml_usecase', 'fix_imbalance', 'gpu_param', '_available_plots', 'data', 'X_test', 'gpu_n_jobs_param', 'y', 'log_plots_param', 'logging_param', 'fold_shuffle_param', 'exp_id', 'X', 'fold_groups_param', 'y_train', 'memory', 'n_jobs_param', 'y_test', 'exp_name_log', 'is_multiclass'}
2024-10-25 14:10:22,898:INFO:Checking environment
2024-10-25 14:10:22,899:INFO:python_version: 3.11.10
2024-10-25 14:10:22,899:INFO:python_build: ('main', 'Oct  3 2024 07:22:26')
2024-10-25 14:10:22,901:INFO:machine: AMD64
2024-10-25 14:10:22,901:INFO:platform: Windows-10-10.0.22000-SP0
2024-10-25 14:10:22,901:INFO:Memory: svmem(total=16886083584, available=3446730752, percent=79.6, used=13439352832, free=3446730752)
2024-10-25 14:10:22,901:INFO:Physical Core: 8
2024-10-25 14:10:22,901:INFO:Logical Core: 16
2024-10-25 14:10:22,901:INFO:Checking libraries
2024-10-25 14:10:22,901:INFO:System:
2024-10-25 14:10:22,901:INFO:    python: 3.11.10 | packaged by Anaconda, Inc. | (main, Oct  3 2024, 07:22:26) [MSC v.1929 64 bit (AMD64)]
2024-10-25 14:10:22,903:INFO:executable: C:\Users\htwahirwa\AppData\Local\anaconda3\envs\chat_env\python.exe
2024-10-25 14:10:22,903:INFO:   machine: Windows-10-10.0.22000-SP0
2024-10-25 14:10:22,903:INFO:PyCaret required dependencies:
2024-10-25 14:10:22,904:INFO:                 pip: 24.2
2024-10-25 14:10:22,904:INFO:          setuptools: 75.2.0
2024-10-25 14:10:22,904:INFO:             pycaret: 3.3.2
2024-10-25 14:10:22,904:INFO:             IPython: 8.27.0
2024-10-25 14:10:22,904:INFO:          ipywidgets: 7.8.1
2024-10-25 14:10:22,905:INFO:                tqdm: 4.66.5
2024-10-25 14:10:22,905:INFO:               numpy: 1.26.4
2024-10-25 14:10:22,905:INFO:              pandas: 2.1.4
2024-10-25 14:10:22,905:INFO:              jinja2: 3.1.4
2024-10-25 14:10:22,905:INFO:               scipy: 1.11.4
2024-10-25 14:10:22,905:INFO:              joblib: 1.3.2
2024-10-25 14:10:22,906:INFO:             sklearn: 1.4.2
2024-10-25 14:10:22,906:INFO:                pyod: 2.0.2
2024-10-25 14:10:22,906:INFO:            imblearn: 0.12.4
2024-10-25 14:10:22,906:INFO:   category_encoders: 2.6.4
2024-10-25 14:10:22,906:INFO:            lightgbm: 4.5.0
2024-10-25 14:10:22,906:INFO:               numba: 0.60.0
2024-10-25 14:10:22,906:INFO:            requests: 2.32.3
2024-10-25 14:10:22,907:INFO:          matplotlib: 3.7.5
2024-10-25 14:10:22,907:INFO:          scikitplot: 0.3.7
2024-10-25 14:10:22,907:INFO:         yellowbrick: 1.5
2024-10-25 14:10:22,907:INFO:              plotly: 5.24.1
2024-10-25 14:10:22,907:INFO:    plotly-resampler: Not installed
2024-10-25 14:10:22,907:INFO:             kaleido: 0.2.1
2024-10-25 14:10:22,907:INFO:           schemdraw: 0.15
2024-10-25 14:10:22,907:INFO:         statsmodels: 0.14.4
2024-10-25 14:10:22,907:INFO:              sktime: 0.26.0
2024-10-25 14:10:22,907:INFO:               tbats: 1.1.3
2024-10-25 14:10:22,907:INFO:            pmdarima: 2.0.4
2024-10-25 14:10:22,907:INFO:              psutil: 5.9.0
2024-10-25 14:10:22,909:INFO:          markupsafe: 3.0.2
2024-10-25 14:10:22,909:INFO:             pickle5: Not installed
2024-10-25 14:10:22,909:INFO:         cloudpickle: 3.1.0
2024-10-25 14:10:22,909:INFO:         deprecation: 2.1.0
2024-10-25 14:10:22,909:INFO:              xxhash: 3.5.0
2024-10-25 14:10:22,909:INFO:           wurlitzer: Not installed
2024-10-25 14:10:22,909:INFO:PyCaret optional dependencies:
2024-10-25 14:10:22,909:INFO:                shap: Not installed
2024-10-25 14:10:22,909:INFO:           interpret: Not installed
2024-10-25 14:10:22,909:INFO:                umap: Not installed
2024-10-25 14:10:22,909:INFO:     ydata_profiling: Not installed
2024-10-25 14:10:22,909:INFO:  explainerdashboard: Not installed
2024-10-25 14:10:22,909:INFO:             autoviz: Not installed
2024-10-25 14:10:22,909:INFO:           fairlearn: Not installed
2024-10-25 14:10:22,909:INFO:          deepchecks: Not installed
2024-10-25 14:10:22,909:INFO:             xgboost: Not installed
2024-10-25 14:10:22,909:INFO:            catboost: Not installed
2024-10-25 14:10:22,909:INFO:              kmodes: Not installed
2024-10-25 14:10:22,911:INFO:             mlxtend: Not installed
2024-10-25 14:10:22,911:INFO:       statsforecast: Not installed
2024-10-25 14:10:22,911:INFO:        tune_sklearn: Not installed
2024-10-25 14:10:22,911:INFO:                 ray: Not installed
2024-10-25 14:10:22,911:INFO:            hyperopt: Not installed
2024-10-25 14:10:22,911:INFO:              optuna: Not installed
2024-10-25 14:10:22,911:INFO:               skopt: Not installed
2024-10-25 14:10:22,911:INFO:              mlflow: Not installed
2024-10-25 14:10:22,911:INFO:              gradio: Not installed
2024-10-25 14:10:22,911:INFO:             fastapi: 0.115.3
2024-10-25 14:10:22,911:INFO:             uvicorn: 0.32.0
2024-10-25 14:10:22,911:INFO:              m2cgen: Not installed
2024-10-25 14:10:22,911:INFO:           evidently: Not installed
2024-10-25 14:10:22,911:INFO:               fugue: Not installed
2024-10-25 14:10:22,911:INFO:           streamlit: 1.39.0
2024-10-25 14:10:22,912:INFO:             prophet: 1.1.6
2024-10-25 14:10:22,913:INFO:None
2024-10-25 14:10:22,913:INFO:Set up data.
2024-10-25 14:10:22,934:INFO:Set up folding strategy.
2024-10-25 14:10:22,934:INFO:Set up train/test split.
2024-10-28 09:22:26,628:WARNING:
'cuml' is a soft dependency and not included in the pycaret installation. Please run: `pip install cuml` to install.
2024-10-28 09:22:26,629:WARNING:
'cuml' is a soft dependency and not included in the pycaret installation. Please run: `pip install cuml` to install.
2024-10-28 09:22:26,629:WARNING:
'cuml' is a soft dependency and not included in the pycaret installation. Please run: `pip install cuml` to install.
2024-10-28 09:22:26,629:WARNING:
'cuml' is a soft dependency and not included in the pycaret installation. Please run: `pip install cuml` to install.
2024-10-28 09:32:45,877:WARNING:
'cuml' is a soft dependency and not included in the pycaret installation. Please run: `pip install cuml` to install.
2024-10-28 09:32:45,877:WARNING:
'cuml' is a soft dependency and not included in the pycaret installation. Please run: `pip install cuml` to install.
2024-10-28 09:32:45,877:WARNING:
'cuml' is a soft dependency and not included in the pycaret installation. Please run: `pip install cuml` to install.
2024-10-28 09:32:45,877:WARNING:
'cuml' is a soft dependency and not included in the pycaret installation. Please run: `pip install cuml` to install.
2024-10-28 09:38:00,785:INFO:PyCaret ClassificationExperiment
2024-10-28 09:38:00,785:INFO:Logging name: clf-default-name
2024-10-28 09:38:00,785:INFO:ML Usecase: MLUsecase.CLASSIFICATION
2024-10-28 09:38:00,785:INFO:version 3.3.2
2024-10-28 09:38:00,785:INFO:Initializing setup()
2024-10-28 09:38:00,785:INFO:self.USI: b4bc
2024-10-28 09:38:00,785:INFO:self._variable_keys: {'pipeline', 'seed', 'data', 'is_multiclass', 'memory', 'idx', 'X', '_available_plots', 'X_test', 'X_train', 'n_jobs_param', 'y_test', 'exp_id', 'logging_param', 'fix_imbalance', 'html_param', 'fold_groups_param', '_ml_usecase', 'USI', 'exp_name_log', 'log_plots_param', 'gpu_param', 'y', 'fold_generator', 'y_train', 'fold_shuffle_param', 'gpu_n_jobs_param', 'target_param'}
2024-10-28 09:38:00,785:INFO:Checking environment
2024-10-28 09:38:00,785:INFO:python_version: 3.11.10
2024-10-28 09:38:00,785:INFO:python_build: ('main', 'Oct  3 2024 07:22:26')
2024-10-28 09:38:00,785:INFO:machine: AMD64
2024-10-28 09:38:00,785:INFO:platform: Windows-10-10.0.22000-SP0
2024-10-28 09:38:00,785:INFO:Memory: svmem(total=16886083584, available=4155551744, percent=75.4, used=12730531840, free=4155551744)
2024-10-28 09:38:00,785:INFO:Physical Core: 8
2024-10-28 09:38:00,785:INFO:Logical Core: 16
2024-10-28 09:38:00,785:INFO:Checking libraries
2024-10-28 09:38:00,801:INFO:System:
2024-10-28 09:38:00,801:INFO:    python: 3.11.10 | packaged by Anaconda, Inc. | (main, Oct  3 2024, 07:22:26) [MSC v.1929 64 bit (AMD64)]
2024-10-28 09:38:00,801:INFO:executable: C:\Users\htwahirwa\AppData\Local\anaconda3\envs\chat_env\python.exe
2024-10-28 09:38:00,801:INFO:   machine: Windows-10-10.0.22000-SP0
2024-10-28 09:38:00,801:INFO:PyCaret required dependencies:
2024-10-28 09:38:00,843:INFO:                 pip: 24.2
2024-10-28 09:38:00,843:INFO:          setuptools: 75.2.0
2024-10-28 09:38:00,843:INFO:             pycaret: 3.3.2
2024-10-28 09:38:00,843:INFO:             IPython: 8.27.0
2024-10-28 09:38:00,843:INFO:          ipywidgets: 7.8.1
2024-10-28 09:38:00,843:INFO:                tqdm: 4.66.5
2024-10-28 09:38:00,852:INFO:               numpy: 1.26.4
2024-10-28 09:38:00,852:INFO:              pandas: 2.1.4
2024-10-28 09:38:00,852:INFO:              jinja2: 3.1.4
2024-10-28 09:38:00,852:INFO:               scipy: 1.11.4
2024-10-28 09:38:00,852:INFO:              joblib: 1.3.2
2024-10-28 09:38:00,852:INFO:             sklearn: 1.4.2
2024-10-28 09:38:00,852:INFO:                pyod: 2.0.2
2024-10-28 09:38:00,852:INFO:            imblearn: 0.12.4
2024-10-28 09:38:00,852:INFO:   category_encoders: 2.6.4
2024-10-28 09:38:00,852:INFO:            lightgbm: 4.5.0
2024-10-28 09:38:00,852:INFO:               numba: 0.60.0
2024-10-28 09:38:00,852:INFO:            requests: 2.32.3
2024-10-28 09:38:00,852:INFO:          matplotlib: 3.7.5
2024-10-28 09:38:00,852:INFO:          scikitplot: 0.3.7
2024-10-28 09:38:00,852:INFO:         yellowbrick: 1.5
2024-10-28 09:38:00,852:INFO:              plotly: 5.24.1
2024-10-28 09:38:00,852:INFO:    plotly-resampler: Not installed
2024-10-28 09:38:00,852:INFO:             kaleido: 0.2.1
2024-10-28 09:38:00,852:INFO:           schemdraw: 0.15
2024-10-28 09:38:00,852:INFO:         statsmodels: 0.14.4
2024-10-28 09:38:00,852:INFO:              sktime: 0.26.0
2024-10-28 09:38:00,852:INFO:               tbats: 1.1.3
2024-10-28 09:38:00,852:INFO:            pmdarima: 2.0.4
2024-10-28 09:38:00,852:INFO:              psutil: 5.9.0
2024-10-28 09:38:00,852:INFO:          markupsafe: 3.0.2
2024-10-28 09:38:00,852:INFO:             pickle5: Not installed
2024-10-28 09:38:00,852:INFO:         cloudpickle: 3.1.0
2024-10-28 09:38:00,852:INFO:         deprecation: 2.1.0
2024-10-28 09:38:00,852:INFO:              xxhash: 3.5.0
2024-10-28 09:38:00,852:INFO:           wurlitzer: Not installed
2024-10-28 09:38:00,852:INFO:PyCaret optional dependencies:
2024-10-28 09:38:01,263:INFO:                shap: Not installed
2024-10-28 09:38:01,263:INFO:           interpret: Not installed
2024-10-28 09:38:01,263:INFO:                umap: Not installed
2024-10-28 09:38:01,263:INFO:     ydata_profiling: Not installed
2024-10-28 09:38:01,263:INFO:  explainerdashboard: Not installed
2024-10-28 09:38:01,263:INFO:             autoviz: Not installed
2024-10-28 09:38:01,263:INFO:           fairlearn: Not installed
2024-10-28 09:38:01,263:INFO:          deepchecks: Not installed
2024-10-28 09:38:01,263:INFO:             xgboost: Not installed
2024-10-28 09:38:01,263:INFO:            catboost: Not installed
2024-10-28 09:38:01,263:INFO:              kmodes: Not installed
2024-10-28 09:38:01,263:INFO:             mlxtend: Not installed
2024-10-28 09:38:01,263:INFO:       statsforecast: Not installed
2024-10-28 09:38:01,263:INFO:        tune_sklearn: Not installed
2024-10-28 09:38:01,263:INFO:                 ray: Not installed
2024-10-28 09:38:01,263:INFO:            hyperopt: Not installed
2024-10-28 09:38:01,263:INFO:              optuna: Not installed
2024-10-28 09:38:01,263:INFO:               skopt: Not installed
2024-10-28 09:38:01,263:INFO:              mlflow: Not installed
2024-10-28 09:38:01,263:INFO:              gradio: Not installed
2024-10-28 09:38:01,263:INFO:             fastapi: 0.115.3
2024-10-28 09:38:01,263:INFO:             uvicorn: 0.32.0
2024-10-28 09:38:01,263:INFO:              m2cgen: Not installed
2024-10-28 09:38:01,263:INFO:           evidently: Not installed
2024-10-28 09:38:01,263:INFO:               fugue: Not installed
2024-10-28 09:38:01,263:INFO:           streamlit: 1.39.0
2024-10-28 09:38:01,263:INFO:             prophet: 1.1.6
2024-10-28 09:38:01,263:INFO:None
2024-10-28 09:38:01,263:INFO:Set up data.
2024-10-28 09:38:01,294:INFO:Set up folding strategy.
2024-10-28 09:38:01,294:INFO:Set up train/test split.
2024-10-28 10:06:22,013:WARNING:
'cuml' is a soft dependency and not included in the pycaret installation. Please run: `pip install cuml` to install.
2024-10-28 10:06:22,013:WARNING:
'cuml' is a soft dependency and not included in the pycaret installation. Please run: `pip install cuml` to install.
2024-10-28 10:06:22,013:WARNING:
'cuml' is a soft dependency and not included in the pycaret installation. Please run: `pip install cuml` to install.
2024-10-28 10:06:22,013:WARNING:
'cuml' is a soft dependency and not included in the pycaret installation. Please run: `pip install cuml` to install.
2024-10-28 10:22:41,536:INFO:PyCaret ClassificationExperiment
2024-10-28 10:22:41,536:INFO:Logging name: clf-default-name
2024-10-28 10:22:41,536:INFO:ML Usecase: MLUsecase.CLASSIFICATION
2024-10-28 10:22:41,536:INFO:version 3.3.2
2024-10-28 10:22:41,536:INFO:Initializing setup()
2024-10-28 10:22:41,536:INFO:self.USI: be53
2024-10-28 10:22:41,536:INFO:self._variable_keys: {'seed', 'pipeline', '_available_plots', 'y_test', 'X', 'y_train', 'fix_imbalance', 'html_param', 'X_test', 'gpu_n_jobs_param', 'exp_name_log', 'logging_param', 'fold_groups_param', 'is_multiclass', 'fold_shuffle_param', '_ml_usecase', 'data', 'n_jobs_param', 'USI', 'X_train', 'log_plots_param', 'target_param', 'idx', 'gpu_param', 'exp_id', 'fold_generator', 'y', 'memory'}
2024-10-28 10:22:41,536:INFO:Checking environment
2024-10-28 10:22:41,552:INFO:python_version: 3.11.10
2024-10-28 10:22:41,552:INFO:python_build: ('main', 'Oct  3 2024 07:22:26')
2024-10-28 10:22:41,552:INFO:machine: AMD64
2024-10-28 10:22:41,552:INFO:platform: Windows-10-10.0.22000-SP0
2024-10-28 10:22:41,552:INFO:Memory: svmem(total=16886083584, available=5414731776, percent=67.9, used=11471351808, free=5414731776)
2024-10-28 10:22:41,552:INFO:Physical Core: 8
2024-10-28 10:22:41,552:INFO:Logical Core: 16
2024-10-28 10:22:41,552:INFO:Checking libraries
2024-10-28 10:22:41,552:INFO:System:
2024-10-28 10:22:41,552:INFO:    python: 3.11.10 | packaged by Anaconda, Inc. | (main, Oct  3 2024, 07:22:26) [MSC v.1929 64 bit (AMD64)]
2024-10-28 10:22:41,552:INFO:executable: C:\Users\htwahirwa\AppData\Local\anaconda3\envs\chat_env\python.exe
2024-10-28 10:22:41,552:INFO:   machine: Windows-10-10.0.22000-SP0
2024-10-28 10:22:41,552:INFO:PyCaret required dependencies:
2024-10-28 10:22:41,630:INFO:                 pip: 24.2
2024-10-28 10:22:41,630:INFO:          setuptools: 75.2.0
2024-10-28 10:22:41,630:INFO:             pycaret: 3.3.2
2024-10-28 10:22:41,630:INFO:             IPython: 8.27.0
2024-10-28 10:22:41,630:INFO:          ipywidgets: 7.8.1
2024-10-28 10:22:41,630:INFO:                tqdm: 4.66.5
2024-10-28 10:22:41,630:INFO:               numpy: 1.26.4
2024-10-28 10:22:41,630:INFO:              pandas: 2.0.3
2024-10-28 10:22:41,630:INFO:              jinja2: 3.1.4
2024-10-28 10:22:41,630:INFO:               scipy: 1.11.4
2024-10-28 10:22:41,630:INFO:              joblib: 1.3.2
2024-10-28 10:22:41,630:INFO:             sklearn: 1.4.2
2024-10-28 10:22:41,630:INFO:                pyod: 2.0.2
2024-10-28 10:22:41,630:INFO:            imblearn: 0.12.4
2024-10-28 10:22:41,630:INFO:   category_encoders: 2.6.4
2024-10-28 10:22:41,630:INFO:            lightgbm: 4.5.0
2024-10-28 10:22:41,630:INFO:               numba: 0.60.0
2024-10-28 10:22:41,630:INFO:            requests: 2.32.3
2024-10-28 10:22:41,630:INFO:          matplotlib: 3.7.5
2024-10-28 10:22:41,630:INFO:          scikitplot: 0.3.7
2024-10-28 10:22:41,630:INFO:         yellowbrick: 1.5
2024-10-28 10:22:41,630:INFO:              plotly: 5.24.1
2024-10-28 10:22:41,630:INFO:    plotly-resampler: Not installed
2024-10-28 10:22:41,630:INFO:             kaleido: 0.2.1
2024-10-28 10:22:41,630:INFO:           schemdraw: 0.15
2024-10-28 10:22:41,630:INFO:         statsmodels: 0.14.4
2024-10-28 10:22:41,630:INFO:              sktime: 0.26.0
2024-10-28 10:22:41,630:INFO:               tbats: 1.1.3
2024-10-28 10:22:41,630:INFO:            pmdarima: 2.0.4
2024-10-28 10:22:41,630:INFO:              psutil: 5.9.0
2024-10-28 10:22:41,630:INFO:          markupsafe: 3.0.2
2024-10-28 10:22:41,630:INFO:             pickle5: Not installed
2024-10-28 10:22:41,630:INFO:         cloudpickle: 3.1.0
2024-10-28 10:22:41,630:INFO:         deprecation: 2.1.0
2024-10-28 10:22:41,630:INFO:              xxhash: 3.5.0
2024-10-28 10:22:41,630:INFO:           wurlitzer: Not installed
2024-10-28 10:22:41,630:INFO:PyCaret optional dependencies:
2024-10-28 10:22:41,961:INFO:                shap: Not installed
2024-10-28 10:22:41,961:INFO:           interpret: Not installed
2024-10-28 10:22:41,977:INFO:                umap: Not installed
2024-10-28 10:22:41,977:INFO:     ydata_profiling: Not installed
2024-10-28 10:22:41,977:INFO:  explainerdashboard: Not installed
2024-10-28 10:22:41,977:INFO:             autoviz: Not installed
2024-10-28 10:22:41,977:INFO:           fairlearn: Not installed
2024-10-28 10:22:41,977:INFO:          deepchecks: Not installed
2024-10-28 10:22:41,977:INFO:             xgboost: Not installed
2024-10-28 10:22:41,977:INFO:            catboost: Not installed
2024-10-28 10:22:41,977:INFO:              kmodes: Not installed
2024-10-28 10:22:41,977:INFO:             mlxtend: Not installed
2024-10-28 10:22:41,977:INFO:       statsforecast: Not installed
2024-10-28 10:22:41,977:INFO:        tune_sklearn: Not installed
2024-10-28 10:22:41,977:INFO:                 ray: Not installed
2024-10-28 10:22:41,977:INFO:            hyperopt: Not installed
2024-10-28 10:22:41,977:INFO:              optuna: Not installed
2024-10-28 10:22:41,977:INFO:               skopt: Not installed
2024-10-28 10:22:41,977:INFO:              mlflow: Not installed
2024-10-28 10:22:41,977:INFO:              gradio: Not installed
2024-10-28 10:22:41,977:INFO:             fastapi: 0.115.3
2024-10-28 10:22:41,977:INFO:             uvicorn: 0.32.0
2024-10-28 10:22:41,977:INFO:              m2cgen: Not installed
2024-10-28 10:22:41,977:INFO:           evidently: Not installed
2024-10-28 10:22:41,977:INFO:               fugue: Not installed
2024-10-28 10:22:41,977:INFO:           streamlit: 1.39.0
2024-10-28 10:22:41,977:INFO:             prophet: 1.1.6
2024-10-28 10:22:41,977:INFO:None
2024-10-28 10:22:41,977:INFO:Set up data.
2024-10-28 10:27:03,053:INFO:PyCaret ClassificationExperiment
2024-10-28 10:27:03,053:INFO:Logging name: clf-default-name
2024-10-28 10:27:03,053:INFO:ML Usecase: MLUsecase.CLASSIFICATION
2024-10-28 10:27:03,068:INFO:version 3.3.2
2024-10-28 10:27:03,068:INFO:Initializing setup()
2024-10-28 10:27:03,068:INFO:self.USI: 861f
2024-10-28 10:27:03,068:INFO:self._variable_keys: {'seed', 'pipeline', '_available_plots', 'y_test', 'X', 'y_train', 'fix_imbalance', 'html_param', 'X_test', 'gpu_n_jobs_param', 'exp_name_log', 'logging_param', 'fold_groups_param', 'is_multiclass', 'fold_shuffle_param', '_ml_usecase', 'data', 'n_jobs_param', 'USI', 'X_train', 'log_plots_param', 'target_param', 'idx', 'gpu_param', 'exp_id', 'fold_generator', 'y', 'memory'}
2024-10-28 10:27:03,068:INFO:Checking environment
2024-10-28 10:27:03,068:INFO:python_version: 3.11.10
2024-10-28 10:27:03,068:INFO:python_build: ('main', 'Oct  3 2024 07:22:26')
2024-10-28 10:27:03,068:INFO:machine: AMD64
2024-10-28 10:27:03,068:INFO:platform: Windows-10-10.0.22000-SP0
2024-10-28 10:27:03,068:INFO:Memory: svmem(total=16886083584, available=4942462976, percent=70.7, used=11943620608, free=4942462976)
2024-10-28 10:27:03,068:INFO:Physical Core: 8
2024-10-28 10:27:03,068:INFO:Logical Core: 16
2024-10-28 10:27:03,068:INFO:Checking libraries
2024-10-28 10:27:03,068:INFO:System:
2024-10-28 10:27:03,068:INFO:    python: 3.11.10 | packaged by Anaconda, Inc. | (main, Oct  3 2024, 07:22:26) [MSC v.1929 64 bit (AMD64)]
2024-10-28 10:27:03,068:INFO:executable: C:\Users\htwahirwa\AppData\Local\anaconda3\envs\chat_env\python.exe
2024-10-28 10:27:03,068:INFO:   machine: Windows-10-10.0.22000-SP0
2024-10-28 10:27:03,068:INFO:PyCaret required dependencies:
2024-10-28 10:27:03,068:INFO:                 pip: 24.2
2024-10-28 10:27:03,068:INFO:          setuptools: 75.2.0
2024-10-28 10:27:03,068:INFO:             pycaret: 3.3.2
2024-10-28 10:27:03,068:INFO:             IPython: 8.27.0
2024-10-28 10:27:03,068:INFO:          ipywidgets: 7.8.1
2024-10-28 10:27:03,068:INFO:                tqdm: 4.66.5
2024-10-28 10:27:03,068:INFO:               numpy: 1.26.4
2024-10-28 10:27:03,068:INFO:              pandas: 2.0.3
2024-10-28 10:27:03,068:INFO:              jinja2: 3.1.4
2024-10-28 10:27:03,068:INFO:               scipy: 1.11.4
2024-10-28 10:27:03,068:INFO:              joblib: 1.3.2
2024-10-28 10:27:03,068:INFO:             sklearn: 1.4.2
2024-10-28 10:27:03,068:INFO:                pyod: 2.0.2
2024-10-28 10:27:03,068:INFO:            imblearn: 0.12.4
2024-10-28 10:27:03,068:INFO:   category_encoders: 2.6.4
2024-10-28 10:27:03,068:INFO:            lightgbm: 4.5.0
2024-10-28 10:27:03,068:INFO:               numba: 0.60.0
2024-10-28 10:27:03,068:INFO:            requests: 2.32.3
2024-10-28 10:27:03,068:INFO:          matplotlib: 3.7.5
2024-10-28 10:27:03,068:INFO:          scikitplot: 0.3.7
2024-10-28 10:27:03,068:INFO:         yellowbrick: 1.5
2024-10-28 10:27:03,068:INFO:              plotly: 5.24.1
2024-10-28 10:27:03,068:INFO:    plotly-resampler: Not installed
2024-10-28 10:27:03,068:INFO:             kaleido: 0.2.1
2024-10-28 10:27:03,068:INFO:           schemdraw: 0.15
2024-10-28 10:27:03,068:INFO:         statsmodels: 0.14.4
2024-10-28 10:27:03,068:INFO:              sktime: 0.26.0
2024-10-28 10:27:03,068:INFO:               tbats: 1.1.3
2024-10-28 10:27:03,068:INFO:            pmdarima: 2.0.4
2024-10-28 10:27:03,068:INFO:              psutil: 5.9.0
2024-10-28 10:27:03,068:INFO:          markupsafe: 3.0.2
2024-10-28 10:27:03,068:INFO:             pickle5: Not installed
2024-10-28 10:27:03,068:INFO:         cloudpickle: 3.1.0
2024-10-28 10:27:03,068:INFO:         deprecation: 2.1.0
2024-10-28 10:27:03,068:INFO:              xxhash: 3.5.0
2024-10-28 10:27:03,068:INFO:           wurlitzer: Not installed
2024-10-28 10:27:03,068:INFO:PyCaret optional dependencies:
2024-10-28 10:27:03,068:INFO:                shap: Not installed
2024-10-28 10:27:03,068:INFO:           interpret: Not installed
2024-10-28 10:27:03,068:INFO:                umap: Not installed
2024-10-28 10:27:03,068:INFO:     ydata_profiling: Not installed
2024-10-28 10:27:03,068:INFO:  explainerdashboard: Not installed
2024-10-28 10:27:03,083:INFO:             autoviz: Not installed
2024-10-28 10:27:03,083:INFO:           fairlearn: Not installed
2024-10-28 10:27:03,083:INFO:          deepchecks: Not installed
2024-10-28 10:27:03,083:INFO:             xgboost: Not installed
2024-10-28 10:27:03,083:INFO:            catboost: Not installed
2024-10-28 10:27:03,083:INFO:              kmodes: Not installed
2024-10-28 10:27:03,083:INFO:             mlxtend: Not installed
2024-10-28 10:27:03,083:INFO:       statsforecast: Not installed
2024-10-28 10:27:03,083:INFO:        tune_sklearn: Not installed
2024-10-28 10:27:03,083:INFO:                 ray: Not installed
2024-10-28 10:27:03,083:INFO:            hyperopt: Not installed
2024-10-28 10:27:03,083:INFO:              optuna: Not installed
2024-10-28 10:27:03,083:INFO:               skopt: Not installed
2024-10-28 10:27:03,083:INFO:              mlflow: Not installed
2024-10-28 10:27:03,083:INFO:              gradio: Not installed
2024-10-28 10:27:03,083:INFO:             fastapi: 0.115.3
2024-10-28 10:27:03,083:INFO:             uvicorn: 0.32.0
2024-10-28 10:27:03,083:INFO:              m2cgen: Not installed
2024-10-28 10:27:03,083:INFO:           evidently: Not installed
2024-10-28 10:27:03,083:INFO:               fugue: Not installed
2024-10-28 10:27:03,083:INFO:           streamlit: 1.39.0
2024-10-28 10:27:03,083:INFO:             prophet: 1.1.6
2024-10-28 10:27:03,083:INFO:None
2024-10-28 10:27:03,083:INFO:Set up data.
2024-10-28 10:27:03,083:INFO:Set up folding strategy.
2024-10-28 10:27:03,083:INFO:Set up train/test split.
2024-10-28 10:30:04,101:INFO:PyCaret ClassificationExperiment
2024-10-28 10:30:04,102:INFO:Logging name: clf-default-name
2024-10-28 10:30:04,102:INFO:ML Usecase: MLUsecase.CLASSIFICATION
2024-10-28 10:30:04,102:INFO:version 3.3.2
2024-10-28 10:30:04,103:INFO:Initializing setup()
2024-10-28 10:30:04,103:INFO:self.USI: 0b07
2024-10-28 10:30:04,103:INFO:self._variable_keys: {'seed', 'pipeline', '_available_plots', 'y_test', 'X', 'y_train', 'fix_imbalance', 'html_param', 'X_test', 'gpu_n_jobs_param', 'exp_name_log', 'logging_param', 'fold_groups_param', 'is_multiclass', 'fold_shuffle_param', '_ml_usecase', 'data', 'n_jobs_param', 'USI', 'X_train', 'log_plots_param', 'target_param', 'idx', 'gpu_param', 'exp_id', 'fold_generator', 'y', 'memory'}
2024-10-28 10:30:04,103:INFO:Checking environment
2024-10-28 10:30:04,104:INFO:python_version: 3.11.10
2024-10-28 10:30:04,104:INFO:python_build: ('main', 'Oct  3 2024 07:22:26')
2024-10-28 10:30:04,104:INFO:machine: AMD64
2024-10-28 10:30:04,104:INFO:platform: Windows-10-10.0.22000-SP0
2024-10-28 10:30:04,104:INFO:Memory: svmem(total=16886083584, available=4730392576, percent=72.0, used=12155691008, free=4730392576)
2024-10-28 10:30:04,105:INFO:Physical Core: 8
2024-10-28 10:30:04,105:INFO:Logical Core: 16
2024-10-28 10:30:04,105:INFO:Checking libraries
2024-10-28 10:30:04,105:INFO:System:
2024-10-28 10:30:04,105:INFO:    python: 3.11.10 | packaged by Anaconda, Inc. | (main, Oct  3 2024, 07:22:26) [MSC v.1929 64 bit (AMD64)]
2024-10-28 10:30:04,105:INFO:executable: C:\Users\htwahirwa\AppData\Local\anaconda3\envs\chat_env\python.exe
2024-10-28 10:30:04,105:INFO:   machine: Windows-10-10.0.22000-SP0
2024-10-28 10:30:04,105:INFO:PyCaret required dependencies:
2024-10-28 10:30:04,105:INFO:                 pip: 24.2
2024-10-28 10:30:04,105:INFO:          setuptools: 75.2.0
2024-10-28 10:30:04,106:INFO:             pycaret: 3.3.2
2024-10-28 10:30:04,106:INFO:             IPython: 8.27.0
2024-10-28 10:30:04,106:INFO:          ipywidgets: 7.8.1
2024-10-28 10:30:04,106:INFO:                tqdm: 4.66.5
2024-10-28 10:30:04,106:INFO:               numpy: 1.26.4
2024-10-28 10:30:04,106:INFO:              pandas: 2.0.3
2024-10-28 10:30:04,106:INFO:              jinja2: 3.1.4
2024-10-28 10:30:04,106:INFO:               scipy: 1.11.4
2024-10-28 10:30:04,106:INFO:              joblib: 1.3.2
2024-10-28 10:30:04,107:INFO:             sklearn: 1.4.2
2024-10-28 10:30:04,107:INFO:                pyod: 2.0.2
2024-10-28 10:30:04,107:INFO:            imblearn: 0.12.4
2024-10-28 10:30:04,107:INFO:   category_encoders: 2.6.4
2024-10-28 10:30:04,107:INFO:            lightgbm: 4.5.0
2024-10-28 10:30:04,107:INFO:               numba: 0.60.0
2024-10-28 10:30:04,107:INFO:            requests: 2.32.3
2024-10-28 10:30:04,107:INFO:          matplotlib: 3.7.5
2024-10-28 10:30:04,108:INFO:          scikitplot: 0.3.7
2024-10-28 10:30:04,108:INFO:         yellowbrick: 1.5
2024-10-28 10:30:04,108:INFO:              plotly: 5.24.1
2024-10-28 10:30:04,108:INFO:    plotly-resampler: Not installed
2024-10-28 10:30:04,108:INFO:             kaleido: 0.2.1
2024-10-28 10:30:04,108:INFO:           schemdraw: 0.15
2024-10-28 10:30:04,108:INFO:         statsmodels: 0.14.4
2024-10-28 10:30:04,108:INFO:              sktime: 0.26.0
2024-10-28 10:30:04,108:INFO:               tbats: 1.1.3
2024-10-28 10:30:04,108:INFO:            pmdarima: 2.0.4
2024-10-28 10:30:04,108:INFO:              psutil: 5.9.0
2024-10-28 10:30:04,109:INFO:          markupsafe: 3.0.2
2024-10-28 10:30:04,109:INFO:             pickle5: Not installed
2024-10-28 10:30:04,109:INFO:         cloudpickle: 3.1.0
2024-10-28 10:30:04,109:INFO:         deprecation: 2.1.0
2024-10-28 10:30:04,109:INFO:              xxhash: 3.5.0
2024-10-28 10:30:04,109:INFO:           wurlitzer: Not installed
2024-10-28 10:30:04,109:INFO:PyCaret optional dependencies:
2024-10-28 10:30:04,109:INFO:                shap: Not installed
2024-10-28 10:30:04,110:INFO:           interpret: Not installed
2024-10-28 10:30:04,110:INFO:                umap: Not installed
2024-10-28 10:30:04,110:INFO:     ydata_profiling: Not installed
2024-10-28 10:30:04,110:INFO:  explainerdashboard: Not installed
2024-10-28 10:30:04,110:INFO:             autoviz: Not installed
2024-10-28 10:30:04,110:INFO:           fairlearn: Not installed
2024-10-28 10:30:04,110:INFO:          deepchecks: Not installed
2024-10-28 10:30:04,110:INFO:             xgboost: Not installed
2024-10-28 10:30:04,110:INFO:            catboost: Not installed
2024-10-28 10:30:04,111:INFO:              kmodes: Not installed
2024-10-28 10:30:04,111:INFO:             mlxtend: Not installed
2024-10-28 10:30:04,111:INFO:       statsforecast: Not installed
2024-10-28 10:30:04,111:INFO:        tune_sklearn: Not installed
2024-10-28 10:30:04,111:INFO:                 ray: Not installed
2024-10-28 10:30:04,111:INFO:            hyperopt: Not installed
2024-10-28 10:30:04,111:INFO:              optuna: Not installed
2024-10-28 10:30:04,111:INFO:               skopt: Not installed
2024-10-28 10:30:04,111:INFO:              mlflow: Not installed
2024-10-28 10:30:04,111:INFO:              gradio: Not installed
2024-10-28 10:30:04,111:INFO:             fastapi: 0.115.3
2024-10-28 10:30:04,112:INFO:             uvicorn: 0.32.0
2024-10-28 10:30:04,112:INFO:              m2cgen: Not installed
2024-10-28 10:30:04,112:INFO:           evidently: Not installed
2024-10-28 10:30:04,112:INFO:               fugue: Not installed
2024-10-28 10:30:04,112:INFO:           streamlit: 1.39.0
2024-10-28 10:30:04,112:INFO:             prophet: 1.1.6
2024-10-28 10:30:04,112:INFO:None
2024-10-28 10:30:04,112:INFO:Set up data.
2024-10-28 10:30:04,115:INFO:Set up folding strategy.
2024-10-28 10:30:04,116:INFO:Set up train/test split.
2024-10-28 10:32:15,152:INFO:PyCaret ClassificationExperiment
2024-10-28 10:32:15,154:INFO:Logging name: clf-default-name
2024-10-28 10:32:15,154:INFO:ML Usecase: MLUsecase.CLASSIFICATION
2024-10-28 10:32:15,155:INFO:version 3.3.2
2024-10-28 10:32:15,156:INFO:Initializing setup()
2024-10-28 10:32:15,156:INFO:self.USI: 330d
2024-10-28 10:32:15,157:INFO:self._variable_keys: {'seed', 'pipeline', '_available_plots', 'y_test', 'X', 'y_train', 'fix_imbalance', 'html_param', 'X_test', 'gpu_n_jobs_param', 'exp_name_log', 'logging_param', 'fold_groups_param', 'is_multiclass', 'fold_shuffle_param', '_ml_usecase', 'data', 'n_jobs_param', 'USI', 'X_train', 'log_plots_param', 'target_param', 'idx', 'gpu_param', 'exp_id', 'fold_generator', 'y', 'memory'}
2024-10-28 10:32:15,157:INFO:Checking environment
2024-10-28 10:32:15,157:INFO:python_version: 3.11.10
2024-10-28 10:32:15,158:INFO:python_build: ('main', 'Oct  3 2024 07:22:26')
2024-10-28 10:32:15,159:INFO:machine: AMD64
2024-10-28 10:32:15,159:INFO:platform: Windows-10-10.0.22000-SP0
2024-10-28 10:32:15,159:INFO:Memory: svmem(total=16886083584, available=4763807744, percent=71.8, used=12122275840, free=4763807744)
2024-10-28 10:32:15,161:INFO:Physical Core: 8
2024-10-28 10:32:15,161:INFO:Logical Core: 16
2024-10-28 10:32:15,161:INFO:Checking libraries
2024-10-28 10:32:15,161:INFO:System:
2024-10-28 10:32:15,162:INFO:    python: 3.11.10 | packaged by Anaconda, Inc. | (main, Oct  3 2024, 07:22:26) [MSC v.1929 64 bit (AMD64)]
2024-10-28 10:32:15,162:INFO:executable: C:\Users\htwahirwa\AppData\Local\anaconda3\envs\chat_env\python.exe
2024-10-28 10:32:15,162:INFO:   machine: Windows-10-10.0.22000-SP0
2024-10-28 10:32:15,162:INFO:PyCaret required dependencies:
2024-10-28 10:32:15,163:INFO:                 pip: 24.2
2024-10-28 10:32:15,163:INFO:          setuptools: 75.2.0
2024-10-28 10:32:15,164:INFO:             pycaret: 3.3.2
2024-10-28 10:32:15,164:INFO:             IPython: 8.27.0
2024-10-28 10:32:15,165:INFO:          ipywidgets: 7.8.1
2024-10-28 10:32:15,165:INFO:                tqdm: 4.66.5
2024-10-28 10:32:15,166:INFO:               numpy: 1.26.4
2024-10-28 10:32:15,166:INFO:              pandas: 2.0.3
2024-10-28 10:32:15,167:INFO:              jinja2: 3.1.4
2024-10-28 10:32:15,167:INFO:               scipy: 1.11.4
2024-10-28 10:32:15,167:INFO:              joblib: 1.3.2
2024-10-28 10:32:15,168:INFO:             sklearn: 1.4.2
2024-10-28 10:32:15,168:INFO:                pyod: 2.0.2
2024-10-28 10:32:15,168:INFO:            imblearn: 0.12.4
2024-10-28 10:32:15,168:INFO:   category_encoders: 2.6.4
2024-10-28 10:32:15,169:INFO:            lightgbm: 4.5.0
2024-10-28 10:32:15,169:INFO:               numba: 0.60.0
2024-10-28 10:32:15,169:INFO:            requests: 2.32.3
2024-10-28 10:32:15,170:INFO:          matplotlib: 3.7.5
2024-10-28 10:32:15,170:INFO:          scikitplot: 0.3.7
2024-10-28 10:32:15,170:INFO:         yellowbrick: 1.5
2024-10-28 10:32:15,171:INFO:              plotly: 5.24.1
2024-10-28 10:32:15,171:INFO:    plotly-resampler: Not installed
2024-10-28 10:32:15,171:INFO:             kaleido: 0.2.1
2024-10-28 10:32:15,171:INFO:           schemdraw: 0.15
2024-10-28 10:32:15,171:INFO:         statsmodels: 0.14.4
2024-10-28 10:32:15,172:INFO:              sktime: 0.26.0
2024-10-28 10:32:15,172:INFO:               tbats: 1.1.3
2024-10-28 10:32:15,172:INFO:            pmdarima: 2.0.4
2024-10-28 10:32:15,172:INFO:              psutil: 5.9.0
2024-10-28 10:32:15,172:INFO:          markupsafe: 3.0.2
2024-10-28 10:32:15,173:INFO:             pickle5: Not installed
2024-10-28 10:32:15,173:INFO:         cloudpickle: 3.1.0
2024-10-28 10:32:15,173:INFO:         deprecation: 2.1.0
2024-10-28 10:32:15,173:INFO:              xxhash: 3.5.0
2024-10-28 10:32:15,173:INFO:           wurlitzer: Not installed
2024-10-28 10:32:15,173:INFO:PyCaret optional dependencies:
2024-10-28 10:32:15,173:INFO:                shap: Not installed
2024-10-28 10:32:15,173:INFO:           interpret: Not installed
2024-10-28 10:32:15,174:INFO:                umap: Not installed
2024-10-28 10:32:15,174:INFO:     ydata_profiling: Not installed
2024-10-28 10:32:15,174:INFO:  explainerdashboard: Not installed
2024-10-28 10:32:15,174:INFO:             autoviz: Not installed
2024-10-28 10:32:15,175:INFO:           fairlearn: Not installed
2024-10-28 10:32:15,175:INFO:          deepchecks: Not installed
2024-10-28 10:32:15,175:INFO:             xgboost: Not installed
2024-10-28 10:32:15,175:INFO:            catboost: Not installed
2024-10-28 10:32:15,176:INFO:              kmodes: Not installed
2024-10-28 10:32:15,176:INFO:             mlxtend: Not installed
2024-10-28 10:32:15,176:INFO:       statsforecast: Not installed
2024-10-28 10:32:15,176:INFO:        tune_sklearn: Not installed
2024-10-28 10:32:15,176:INFO:                 ray: Not installed
2024-10-28 10:32:15,176:INFO:            hyperopt: Not installed
2024-10-28 10:32:15,176:INFO:              optuna: Not installed
2024-10-28 10:32:15,176:INFO:               skopt: Not installed
2024-10-28 10:32:15,177:INFO:              mlflow: Not installed
2024-10-28 10:32:15,177:INFO:              gradio: Not installed
2024-10-28 10:32:15,177:INFO:             fastapi: 0.115.3
2024-10-28 10:32:15,177:INFO:             uvicorn: 0.32.0
2024-10-28 10:32:15,177:INFO:              m2cgen: Not installed
2024-10-28 10:32:15,178:INFO:           evidently: Not installed
2024-10-28 10:32:15,178:INFO:               fugue: Not installed
2024-10-28 10:32:15,178:INFO:           streamlit: 1.39.0
2024-10-28 10:32:15,178:INFO:             prophet: 1.1.6
2024-10-28 10:32:15,178:INFO:None
2024-10-28 10:32:15,178:INFO:Set up data.
2024-10-28 10:32:15,186:INFO:Set up folding strategy.
2024-10-28 10:32:15,187:INFO:Set up train/test split.
2024-10-28 10:32:15,195:INFO:Set up index.
2024-10-28 10:32:15,196:INFO:Assigning column types.
2024-10-28 10:32:15,199:INFO:Engine successfully changes for model 'lr' to 'sklearn'.
2024-10-28 10:32:15,274:INFO:Engine for model 'knn' has not been set explicitly, hence returning None.
2024-10-28 10:32:15,275:INFO:Engine for model 'rbfsvm' has not been set explicitly, hence returning None.
2024-10-28 10:32:15,306:WARNING:
'xgboost' is a soft dependency and not included in the pycaret installation. Please run: `pip install xgboost` to install.
Alternately, you can install this by running `pip install pycaret[models]`
2024-10-28 10:32:15,306:WARNING:
'catboost' is a soft dependency and not included in the pycaret installation. Please run: `pip install catboost` to install.
Alternately, you can install this by running `pip install pycaret[models]`
2024-10-28 10:32:15,341:INFO:Engine for model 'knn' has not been set explicitly, hence returning None.
2024-10-28 10:32:15,342:INFO:Engine for model 'rbfsvm' has not been set explicitly, hence returning None.
2024-10-28 10:32:15,361:WARNING:
'xgboost' is a soft dependency and not included in the pycaret installation. Please run: `pip install xgboost` to install.
Alternately, you can install this by running `pip install pycaret[models]`
2024-10-28 10:32:15,362:WARNING:
'catboost' is a soft dependency and not included in the pycaret installation. Please run: `pip install catboost` to install.
Alternately, you can install this by running `pip install pycaret[models]`
2024-10-28 10:32:15,362:INFO:Engine successfully changes for model 'knn' to 'sklearn'.
2024-10-28 10:32:15,399:INFO:Engine for model 'rbfsvm' has not been set explicitly, hence returning None.
2024-10-28 10:32:15,424:WARNING:
'xgboost' is a soft dependency and not included in the pycaret installation. Please run: `pip install xgboost` to install.
Alternately, you can install this by running `pip install pycaret[models]`
2024-10-28 10:32:15,425:WARNING:
'catboost' is a soft dependency and not included in the pycaret installation. Please run: `pip install catboost` to install.
Alternately, you can install this by running `pip install pycaret[models]`
2024-10-28 10:32:15,456:INFO:Engine for model 'rbfsvm' has not been set explicitly, hence returning None.
2024-10-28 10:32:15,479:WARNING:
'xgboost' is a soft dependency and not included in the pycaret installation. Please run: `pip install xgboost` to install.
Alternately, you can install this by running `pip install pycaret[models]`
2024-10-28 10:32:15,479:WARNING:
'catboost' is a soft dependency and not included in the pycaret installation. Please run: `pip install catboost` to install.
Alternately, you can install this by running `pip install pycaret[models]`
2024-10-28 10:32:15,480:INFO:Engine successfully changes for model 'rbfsvm' to 'sklearn'.
2024-10-28 10:32:15,540:WARNING:
'xgboost' is a soft dependency and not included in the pycaret installation. Please run: `pip install xgboost` to install.
Alternately, you can install this by running `pip install pycaret[models]`
2024-10-28 10:32:15,540:WARNING:
'catboost' is a soft dependency and not included in the pycaret installation. Please run: `pip install catboost` to install.
Alternately, you can install this by running `pip install pycaret[models]`
2024-10-28 10:32:15,621:WARNING:
'xgboost' is a soft dependency and not included in the pycaret installation. Please run: `pip install xgboost` to install.
Alternately, you can install this by running `pip install pycaret[models]`
2024-10-28 10:32:15,621:WARNING:
'catboost' is a soft dependency and not included in the pycaret installation. Please run: `pip install catboost` to install.
Alternately, you can install this by running `pip install pycaret[models]`
2024-10-28 10:32:15,625:INFO:Preparing preprocessing pipeline...
2024-10-28 10:32:15,627:INFO:Set up label encoding.
2024-10-28 10:32:15,627:INFO:Set up simple imputation.
2024-10-28 10:32:15,631:INFO:Set up encoding of categorical features.
2024-10-28 10:32:15,731:INFO:Finished creating preprocessing pipeline.
2024-10-28 10:32:15,746:INFO:Pipeline: Pipeline(memory=FastMemory(location=C:\Users\HTWAHI~1\AppData\Local\Temp\joblib),
         steps=[('label_encoding',
                 TransformerWrapperWithInverse(exclude=None, include=None,
                                               transformer=LabelEncoder())),
                ('numerical_imputer',
                 TransformerWrapper(exclude=None, include=['AGE'],
                                    transformer=SimpleImputer(add_indicator=False,
                                                              copy=True,
                                                              fill_value=None,
                                                              keep_empty_feature...
                                                              keep_empty_features=False,
                                                              missing_values=nan,
                                                              strategy='most_frequent'))),
                ('onehot_encoding',
                 TransformerWrapper(exclude=None,
                                    include=['CUSTOMER_NAME',
                                             'CUSTOMER_NUMBER'],
                                    transformer=OneHotEncoder(cols=['CUSTOMER_NAME',
                                                                    'CUSTOMER_NUMBER'],
                                                              drop_invariant=False,
                                                              handle_missing='return_nan',
                                                              handle_unknown='value',
                                                              return_df=True,
                                                              use_cat_names=True,
                                                              verbose=0)))],
         verbose=False)
2024-10-28 10:32:15,747:INFO:Creating final display dataframe.
2024-10-28 10:32:16,029:INFO:Setup _display_container:                     Description                      Value
0                    Session id                       1875
1                        Target                    SEGMENT
2                   Target type                     Binary
3                Target mapping  AGRICULTURE: 0, RETAIL: 1
4           Original data shape                    (20, 4)
5        Transformed data shape                   (20, 30)
6   Transformed train set shape                   (14, 30)
7    Transformed test set shape                    (6, 30)
8              Numeric features                          1
9          Categorical features                          2
10                   Preprocess                       True
11              Imputation type                     simple
12           Numeric imputation                       mean
13       Categorical imputation                       mode
14     Maximum one-hot encoding                         25
15              Encoding method                       None
16               Fold Generator            StratifiedKFold
17                  Fold Number                         10
18                     CPU Jobs                         -1
19                      Use GPU                      False
20               Log Experiment                      False
21              Experiment Name           clf-default-name
22                          USI                       330d
2024-10-28 10:32:16,128:WARNING:
'xgboost' is a soft dependency and not included in the pycaret installation. Please run: `pip install xgboost` to install.
Alternately, you can install this by running `pip install pycaret[models]`
2024-10-28 10:32:16,129:WARNING:
'catboost' is a soft dependency and not included in the pycaret installation. Please run: `pip install catboost` to install.
Alternately, you can install this by running `pip install pycaret[models]`
2024-10-28 10:32:16,260:WARNING:
'xgboost' is a soft dependency and not included in the pycaret installation. Please run: `pip install xgboost` to install.
Alternately, you can install this by running `pip install pycaret[models]`
2024-10-28 10:32:16,262:WARNING:
'catboost' is a soft dependency and not included in the pycaret installation. Please run: `pip install catboost` to install.
Alternately, you can install this by running `pip install pycaret[models]`
2024-10-28 10:32:16,265:INFO:setup() successfully completed in 1.19s...............
2024-10-28 10:32:16,265:INFO:Initializing get_config()
2024-10-28 10:32:16,266:INFO:get_config(self=<pycaret.classification.oop.ClassificationExperiment object at 0x000001EE66A86C90>, variable=eda)
